<?xml version="1.0" encoding="UTF-8"?>
<!-- Generated by org.testng.reporters.JUnitXMLReporter -->
<testsuite hostname="amw-g1" ignored="0" name="Default test" tests="4" failures="0" timestamp="10 Sep 2019 09:51:03 GMT" time="148.427" errors="0">
  <testcase name="verifyHomePageTitle" time="29.778" classname="com.herokuapp.qa.tests.NonAdminUserPageTest"/>
  <testcase name="verifyHomePageTitle" time="27.131" classname="com.herokuapp.qa.tests.NonAdminUserPageTest"/>
  <testcase name="verifyHomePageTitle" time="28.159" classname="com.herokuapp.qa.tests.NonAdminUserPageTest"/>
  <testcase name="verifyHomePageTitle" time="9.73" classname="com.herokuapp.qa.tests.NonAdminUserPageTest"/>
</testsuite> <!-- Default test -->
