<?xml version="1.0" encoding="UTF-8"?>
<testng-results skipped="0" failed="1" ignored="0" total="18" passed="17">
  <reporter-output>
  </reporter-output>
  <suite name="Command line suite" duration-ms="567895" started-at="2019-09-10T09:59:08Z" finished-at="2019-09-10T10:08:36Z">
    <groups>
    </groups>
    <test name="Command line test" duration-ms="567895" started-at="2019-09-10T09:59:08Z" finished-at="2019-09-10T10:08:36Z">
      <class name="com.herokuapp.qa.tests.HomePageTest">
        <test-method status="PASS" signature="setup()[pri:0, instance:com.herokuapp.qa.tests.HomePageTest@3a03464]" name="setup" is-config="true" duration-ms="16788" started-at="2019-09-10T15:29:43Z" finished-at="2019-09-10T15:30:00Z">
          <reporter-output>
          </reporter-output>
        </test-method> <!-- setup -->
        <test-method status="PASS" signature="verifyHomePageTitle()[pri:3, instance:com.herokuapp.qa.tests.HomePageTest@3a03464]" name="verifyHomePageTitle" duration-ms="7" started-at="2019-09-10T15:30:00Z" description="Validation the home page title" finished-at="2019-09-10T15:30:00Z">
          <reporter-output>
          </reporter-output>
        </test-method> <!-- verifyHomePageTitle -->
        <test-method status="PASS" signature="teardown()[pri:0, instance:com.herokuapp.qa.tests.HomePageTest@3a03464]" name="teardown" is-config="true" duration-ms="976" started-at="2019-09-10T15:30:00Z" finished-at="2019-09-10T15:30:01Z">
          <reporter-output>
          </reporter-output>
        </test-method> <!-- teardown -->
        <test-method status="PASS" signature="setup()[pri:0, instance:com.herokuapp.qa.tests.HomePageTest@3a03464]" name="setup" is-config="true" duration-ms="23764" started-at="2019-09-10T15:30:01Z" finished-at="2019-09-10T15:30:25Z">
          <reporter-output>
          </reporter-output>
        </test-method> <!-- setup -->
        <test-method status="PASS" signature="VerifyUserProfileName()[pri:4, instance:com.herokuapp.qa.tests.HomePageTest@3a03464]" name="VerifyUserProfileName" duration-ms="182" started-at="2019-09-10T15:30:25Z" description="Validation the userprofile name" finished-at="2019-09-10T15:30:25Z">
          <reporter-output>
          </reporter-output>
        </test-method> <!-- VerifyUserProfileName -->
        <test-method status="PASS" signature="teardown()[pri:0, instance:com.herokuapp.qa.tests.HomePageTest@3a03464]" name="teardown" is-config="true" duration-ms="1034" started-at="2019-09-10T15:30:25Z" finished-at="2019-09-10T15:30:26Z">
          <reporter-output>
          </reporter-output>
        </test-method> <!-- teardown -->
      </class> <!-- com.herokuapp.qa.tests.HomePageTest -->
      <class name="com.herokuapp.qa.tests.BreadcrumbsPageTest">
        <test-method status="PASS" signature="setup()[pri:0, instance:com.herokuapp.qa.tests.BreadcrumbsPageTest@1936f0f5]" name="setup" is-config="true" duration-ms="30160" started-at="2019-09-10T15:33:52Z" finished-at="2019-09-10T15:34:22Z">
          <reporter-output>
          </reporter-output>
        </test-method> <!-- setup -->
        <test-method status="PASS" signature="ClickBreadcumlink()[pri:10, instance:com.herokuapp.qa.tests.BreadcrumbsPageTest@1936f0f5]" name="ClickBreadcumlink" duration-ms="5043" started-at="2019-09-10T15:34:22Z" description="Verify the breadcrum" finished-at="2019-09-10T15:34:27Z">
          <reporter-output>
          </reporter-output>
        </test-method> <!-- ClickBreadcumlink -->
        <test-method status="PASS" signature="teardown()[pri:0, instance:com.herokuapp.qa.tests.BreadcrumbsPageTest@1936f0f5]" name="teardown" is-config="true" duration-ms="1140" started-at="2019-09-10T15:34:27Z" finished-at="2019-09-10T15:34:28Z">
          <reporter-output>
          </reporter-output>
        </test-method> <!-- teardown -->
      </class> <!-- com.herokuapp.qa.tests.BreadcrumbsPageTest -->
      <class name="com.herokuapp.qa.tests.EditProfilePageTest">
        <test-method status="PASS" signature="setup()[pri:0, instance:com.herokuapp.qa.tests.EditProfilePageTest@4909b8da]" name="setup" is-config="true" duration-ms="22497" started-at="2019-09-10T15:30:49Z" finished-at="2019-09-10T15:31:11Z">
          <reporter-output>
          </reporter-output>
        </test-method> <!-- setup -->
        <test-method status="PASS" signature="update(java.lang.String)[pri:6, instance:com.herokuapp.qa.tests.EditProfilePageTest@4909b8da]" name="update" duration-ms="4286" started-at="2019-09-10T15:31:11Z" description="Update the user profile" data-provider="profileupdate" finished-at="2019-09-10T15:31:15Z">
          <params>
            <param index="0">
              <value>
                <![CDATA[Indore]]>
              </value>
            </param>
          </params>
          <reporter-output>
          </reporter-output>
        </test-method> <!-- update -->
        <test-method status="PASS" signature="teardown()[pri:0, instance:com.herokuapp.qa.tests.EditProfilePageTest@4909b8da]" name="teardown" is-config="true" duration-ms="1092" started-at="2019-09-10T15:31:15Z" finished-at="2019-09-10T15:31:16Z">
          <reporter-output>
          </reporter-output>
        </test-method> <!-- teardown -->
        <test-method status="PASS" signature="setup()[pri:0, instance:com.herokuapp.qa.tests.EditProfilePageTest@4909b8da]" name="setup" is-config="true" duration-ms="23905" started-at="2019-09-10T15:31:17Z" finished-at="2019-09-10T15:31:40Z">
          <reporter-output>
          </reporter-output>
        </test-method> <!-- setup -->
        <test-method status="PASS" signature="verify_updated_data(java.lang.String)[pri:7, instance:com.herokuapp.qa.tests.EditProfilePageTest@4909b8da]" name="verify_updated_data" duration-ms="145" started-at="2019-09-10T15:31:40Z" description="verify the edited profile data" data-provider="profileupdate" finished-at="2019-09-10T15:31:41Z">
          <params>
            <param index="0">
              <value>
                <![CDATA[Indore]]>
              </value>
            </param>
          </params>
          <reporter-output>
          </reporter-output>
        </test-method> <!-- verify_updated_data -->
        <test-method status="PASS" signature="teardown()[pri:0, instance:com.herokuapp.qa.tests.EditProfilePageTest@4909b8da]" name="teardown" is-config="true" duration-ms="1058" started-at="2019-09-10T15:31:41Z" finished-at="2019-09-10T15:31:42Z">
          <reporter-output>
          </reporter-output>
        </test-method> <!-- teardown -->
      </class> <!-- com.herokuapp.qa.tests.EditProfilePageTest -->
      <class name="com.herokuapp.qa.tests.NonAdminUserPageTest">
        <test-method status="PASS" signature="setup()[pri:0, instance:com.herokuapp.qa.tests.NonAdminUserPageTest@67b6d4ae]" name="setup" is-config="true" duration-ms="13486" started-at="2019-09-10T15:36:00Z" finished-at="2019-09-10T15:36:13Z">
          <reporter-output>
          </reporter-output>
        </test-method> <!-- setup -->
        <test-method status="PASS" signature="verifyHomePageTitle(java.lang.String, java.lang.String)[pri:13, instance:com.herokuapp.qa.tests.NonAdminUserPageTest@67b6d4ae]" name="verifyHomePageTitle" duration-ms="27153" started-at="2019-09-10T15:36:13Z" description="Validation the non admin user loginthe application" data-provider="NonAdminUser" finished-at="2019-09-10T15:36:41Z">
          <params>
            <param index="0">
              <value>
                <![CDATA[Testuser748596]]>
              </value>
            </param>
            <param index="1">
              <value>
                <![CDATA[Hamaza2019+]]>
              </value>
            </param>
          </params>
          <reporter-output>
          </reporter-output>
        </test-method> <!-- verifyHomePageTitle -->
        <test-method status="PASS" signature="teardown()[pri:0, instance:com.herokuapp.qa.tests.NonAdminUserPageTest@67b6d4ae]" name="teardown" is-config="true" duration-ms="990" started-at="2019-09-10T15:36:41Z" finished-at="2019-09-10T15:36:42Z">
          <reporter-output>
          </reporter-output>
        </test-method> <!-- teardown -->
        <test-method status="PASS" signature="setup()[pri:0, instance:com.herokuapp.qa.tests.NonAdminUserPageTest@67b6d4ae]" name="setup" is-config="true" duration-ms="13332" started-at="2019-09-10T15:36:42Z" finished-at="2019-09-10T15:36:55Z">
          <reporter-output>
          </reporter-output>
        </test-method> <!-- setup -->
        <test-method status="PASS" signature="verifyHomePageTitle(java.lang.String, java.lang.String)[pri:13, instance:com.herokuapp.qa.tests.NonAdminUserPageTest@67b6d4ae]" name="verifyHomePageTitle" duration-ms="27849" started-at="2019-09-10T15:36:55Z" description="Validation the non admin user loginthe application" data-provider="NonAdminUser" finished-at="2019-09-10T15:37:23Z">
          <params>
            <param index="0">
              <value>
                <![CDATA[Testuser]]>
              </value>
            </param>
            <param index="1">
              <value>
                <![CDATA[Hamaza2019+]]>
              </value>
            </param>
          </params>
          <reporter-output>
          </reporter-output>
        </test-method> <!-- verifyHomePageTitle -->
        <test-method status="PASS" signature="teardown()[pri:0, instance:com.herokuapp.qa.tests.NonAdminUserPageTest@67b6d4ae]" name="teardown" is-config="true" duration-ms="966" started-at="2019-09-10T15:37:23Z" finished-at="2019-09-10T15:37:24Z">
          <reporter-output>
          </reporter-output>
        </test-method> <!-- teardown -->
        <test-method status="PASS" signature="setup()[pri:0, instance:com.herokuapp.qa.tests.NonAdminUserPageTest@67b6d4ae]" name="setup" is-config="true" duration-ms="12743" started-at="2019-09-10T15:37:24Z" finished-at="2019-09-10T15:37:37Z">
          <reporter-output>
          </reporter-output>
        </test-method> <!-- setup -->
        <test-method status="PASS" signature="verifyHomePageTitle(java.lang.String, java.lang.String)[pri:13, instance:com.herokuapp.qa.tests.NonAdminUserPageTest@67b6d4ae]" name="verifyHomePageTitle" duration-ms="27783" started-at="2019-09-10T15:37:37Z" description="Validation the non admin user loginthe application" data-provider="NonAdminUser" finished-at="2019-09-10T15:38:04Z">
          <params>
            <param index="0">
              <value>
                <![CDATA[ChhotuQa]]>
              </value>
            </param>
            <param index="1">
              <value>
                <![CDATA[Chhotu2019+]]>
              </value>
            </param>
          </params>
          <reporter-output>
          </reporter-output>
        </test-method> <!-- verifyHomePageTitle -->
        <test-method status="PASS" signature="teardown()[pri:0, instance:com.herokuapp.qa.tests.NonAdminUserPageTest@67b6d4ae]" name="teardown" is-config="true" duration-ms="1142" started-at="2019-09-10T15:38:04Z" finished-at="2019-09-10T15:38:05Z">
          <reporter-output>
          </reporter-output>
        </test-method> <!-- teardown -->
        <test-method status="PASS" signature="setup()[pri:0, instance:com.herokuapp.qa.tests.NonAdminUserPageTest@67b6d4ae]" name="setup" is-config="true" duration-ms="11557" started-at="2019-09-10T15:38:05Z" finished-at="2019-09-10T15:38:17Z">
          <reporter-output>
          </reporter-output>
        </test-method> <!-- setup -->
        <test-method status="PASS" signature="verifyHomePageTitle(java.lang.String, java.lang.String)[pri:13, instance:com.herokuapp.qa.tests.NonAdminUserPageTest@67b6d4ae]" name="verifyHomePageTitle" duration-ms="17927" started-at="2019-09-10T15:38:17Z" description="Validation the non admin user loginthe application" data-provider="NonAdminUser" finished-at="2019-09-10T15:38:35Z">
          <params>
            <param index="0">
              <value>
                <![CDATA[chhotuManual]]>
              </value>
            </param>
            <param index="1">
              <value>
                <![CDATA[Chhotu2019+]]>
              </value>
            </param>
          </params>
          <reporter-output>
          </reporter-output>
        </test-method> <!-- verifyHomePageTitle -->
        <test-method status="PASS" signature="teardown()[pri:0, instance:com.herokuapp.qa.tests.NonAdminUserPageTest@67b6d4ae]" name="teardown" is-config="true" duration-ms="1263" started-at="2019-09-10T15:38:35Z" finished-at="2019-09-10T15:38:36Z">
          <reporter-output>
          </reporter-output>
        </test-method> <!-- teardown -->
      </class> <!-- com.herokuapp.qa.tests.NonAdminUserPageTest -->
      <class name="com.herokuapp.qa.tests.CreateMissionsPageTest">
        <test-method status="PASS" signature="setup()[pri:0, instance:com.herokuapp.qa.tests.CreateMissionsPageTest@6615435c]" name="setup" is-config="true" duration-ms="17164" started-at="2019-09-10T15:31:42Z" finished-at="2019-09-10T15:31:59Z">
          <reporter-output>
          </reporter-output>
        </test-method> <!-- setup -->
        <test-method status="PASS" signature="verifyTableList()[pri:8, instance:com.herokuapp.qa.tests.CreateMissionsPageTest@6615435c]" name="verifyTableList" duration-ms="4704" started-at="2019-09-10T15:31:59Z" description="verify the the table list" finished-at="2019-09-10T15:32:03Z">
          <reporter-output>
          </reporter-output>
        </test-method> <!-- verifyTableList -->
        <test-method status="PASS" signature="teardown()[pri:0, instance:com.herokuapp.qa.tests.CreateMissionsPageTest@6615435c]" name="teardown" is-config="true" duration-ms="1020" started-at="2019-09-10T15:32:03Z" finished-at="2019-09-10T15:32:05Z">
          <reporter-output>
          </reporter-output>
        </test-method> <!-- teardown -->
        <test-method status="PASS" signature="setup()[pri:0, instance:com.herokuapp.qa.tests.CreateMissionsPageTest@6615435c]" name="setup" is-config="true" duration-ms="17995" started-at="2019-09-10T15:32:05Z" finished-at="2019-09-10T15:32:23Z">
          <reporter-output>
          </reporter-output>
        </test-method> <!-- setup -->
        <test-method status="PASS" signature="verifymissionlabel(java.lang.String, java.lang.String, java.lang.String, java.lang.String, java.lang.String, java.lang.String)[pri:9, instance:com.herokuapp.qa.tests.CreateMissionsPageTest@6615435c]" name="verifymissionlabel" duration-ms="36616" started-at="2019-09-10T15:32:23Z" description="Fills the crate mission filed" data-provider="TracifyData" finished-at="2019-09-10T15:32:59Z">
          <params>
            <param index="0">
              <value>
                <![CDATA[Testing  New Department]]>
              </value>
            </param>
            <param index="1">
              <value>
                <![CDATA[Testing Category]]>
              </value>
            </param>
            <param index="2">
              <value>
                <![CDATA[Client 1]]>
              </value>
            </param>
            <param index="3">
              <value>
                <![CDATA[chhotuManual]]>
              </value>
            </param>
            <param index="4">
              <value>
                <![CDATA[chhotuManual]]>
              </value>
            </param>
            <param index="5">
              <value>
                <![CDATA[Test Deadline1]]>
              </value>
            </param>
          </params>
          <reporter-output>
          </reporter-output>
        </test-method> <!-- verifymissionlabel -->
        <test-method status="PASS" signature="teardown()[pri:0, instance:com.herokuapp.qa.tests.CreateMissionsPageTest@6615435c]" name="teardown" is-config="true" duration-ms="1223" started-at="2019-09-10T15:32:59Z" finished-at="2019-09-10T15:33:00Z">
          <reporter-output>
          </reporter-output>
        </test-method> <!-- teardown -->
        <test-method status="PASS" signature="setup()[pri:0, instance:com.herokuapp.qa.tests.CreateMissionsPageTest@6615435c]" name="setup" is-config="true" duration-ms="20024" started-at="2019-09-10T15:33:00Z" finished-at="2019-09-10T15:33:20Z">
          <reporter-output>
          </reporter-output>
        </test-method> <!-- setup -->
        <test-method status="FAIL" signature="verifymissionlabel(java.lang.String, java.lang.String, java.lang.String, java.lang.String, java.lang.String, java.lang.String)[pri:9, instance:com.herokuapp.qa.tests.CreateMissionsPageTest@6615435c]" name="verifymissionlabel" duration-ms="30530" started-at="2019-09-10T15:33:20Z" description="Fills the crate mission filed" data-provider="TracifyData" finished-at="2019-09-10T15:33:51Z">
          <params>
            <param index="0">
              <value>
                <![CDATA[Testing Department]]>
              </value>
            </param>
            <param index="1">
              <value>
                <![CDATA[etetet]]>
              </value>
            </param>
            <param index="2">
              <value>
                <![CDATA[tetyyt]]>
              </value>
            </param>
            <param index="3">
              <value>
                <![CDATA[ejkrk]]>
              </value>
            </param>
            <param index="4">
              <value>
                <![CDATA[rtggy]]>
              </value>
            </param>
            <param index="5">
              <value>
                <![CDATA[ewtytyewty]]>
              </value>
            </param>
          </params>
          <exception class="org.openqa.selenium.NoSuchElementException">
            <message>
              <![CDATA[no such element: Unable to locate element: {"method":"xpath","selector":"//li[contains(text(),'etetet')]"}
  (Session info: chrome=76.0.3809.132)
For documentation on this error, please visit: http://seleniumhq.org/exceptions/no_such_element.html
Build info: version: '3.12.0', revision: '7c6e0b3', time: '2018-05-08T14:04:26.12Z'
System info: host: 'AMW-G1', ip: '10.0.75.1', os.name: 'Windows 10', os.arch: 'amd64', os.version: '10.0', java.version: '1.8.0_131'
Driver info: org.openqa.selenium.chrome.ChromeDriver
Capabilities {acceptInsecureCerts: false, browserName: chrome, browserVersion: 76.0.3809.132, chrome: {chromedriverVersion: 76.0.3809.126 (d80a294506b4..., userDataDir: C:\WINDOWS\TEMP\scoped_dir1...}, goog:chromeOptions: {debuggerAddress: localhost:62965}, javascriptEnabled: true, networkConnectionEnabled: false, pageLoadStrategy: normal, platform: XP, platformName: XP, proxy: Proxy(), setWindowRect: true, strictFileInteractability: false, timeouts: {implicit: 0, pageLoad: 300000, script: 30000}, unhandledPromptBehavior: dismiss and notify}
Session ID: 2a34745614e02b15b642d18d2eca45ba
*** Element info: {Using=xpath, value=//li[contains(text(),'etetet')]}]]>
            </message>
            <full-stacktrace>
              <![CDATA[org.openqa.selenium.NoSuchElementException: no such element: Unable to locate element: {"method":"xpath","selector":"//li[contains(text(),'etetet')]"}
  (Session info: chrome=76.0.3809.132)
For documentation on this error, please visit: http://seleniumhq.org/exceptions/no_such_element.html
Build info: version: '3.12.0', revision: '7c6e0b3', time: '2018-05-08T14:04:26.12Z'
System info: host: 'AMW-G1', ip: '10.0.75.1', os.name: 'Windows 10', os.arch: 'amd64', os.version: '10.0', java.version: '1.8.0_131'
Driver info: org.openqa.selenium.chrome.ChromeDriver
Capabilities {acceptInsecureCerts: false, browserName: chrome, browserVersion: 76.0.3809.132, chrome: {chromedriverVersion: 76.0.3809.126 (d80a294506b4..., userDataDir: C:\WINDOWS\TEMP\scoped_dir1...}, goog:chromeOptions: {debuggerAddress: localhost:62965}, javascriptEnabled: true, networkConnectionEnabled: false, pageLoadStrategy: normal, platform: XP, platformName: XP, proxy: Proxy(), setWindowRect: true, strictFileInteractability: false, timeouts: {implicit: 0, pageLoad: 300000, script: 30000}, unhandledPromptBehavior: dismiss and notify}
Session ID: 2a34745614e02b15b642d18d2eca45ba
*** Element info: {Using=xpath, value=//li[contains(text(),'etetet')]}
	at sun.reflect.NativeConstructorAccessorImpl.newInstance0(Native Method)
	at sun.reflect.NativeConstructorAccessorImpl.newInstance(NativeConstructorAccessorImpl.java:62)
	at sun.reflect.DelegatingConstructorAccessorImpl.newInstance(DelegatingConstructorAccessorImpl.java:45)
	at java.lang.reflect.Constructor.newInstance(Constructor.java:423)
	at org.openqa.selenium.remote.http.W3CHttpResponseCodec.createException(W3CHttpResponseCodec.java:187)
	at org.openqa.selenium.remote.http.W3CHttpResponseCodec.decode(W3CHttpResponseCodec.java:122)
	at org.openqa.selenium.remote.http.W3CHttpResponseCodec.decode(W3CHttpResponseCodec.java:49)
	at org.openqa.selenium.remote.HttpCommandExecutor.execute(HttpCommandExecutor.java:158)
	at org.openqa.selenium.remote.service.DriverCommandExecutor.execute(DriverCommandExecutor.java:83)
	at org.openqa.selenium.remote.RemoteWebDriver.execute(RemoteWebDriver.java:543)
	at org.openqa.selenium.remote.RemoteWebDriver.findElement(RemoteWebDriver.java:317)
	at org.openqa.selenium.remote.RemoteWebDriver.findElementByXPath(RemoteWebDriver.java:419)
	at org.openqa.selenium.By$ByXPath.findElement(By.java:353)
	at org.openqa.selenium.remote.RemoteWebDriver.findElement(RemoteWebDriver.java:309)
	at com.herokuapp.qa.pages.CreateMissionsPage.Select_Catégorie(CreateMissionsPage.java:114)
	at com.herokuapp.qa.tests.CreateMissionsPageTest.verifymissionlabel(CreateMissionsPageTest.java:66)
	at sun.reflect.NativeMethodAccessorImpl.invoke0(Native Method)
	at sun.reflect.NativeMethodAccessorImpl.invoke(NativeMethodAccessorImpl.java:62)
	at sun.reflect.DelegatingMethodAccessorImpl.invoke(DelegatingMethodAccessorImpl.java:43)
	at java.lang.reflect.Method.invoke(Method.java:498)
	at org.testng.internal.MethodInvocationHelper.invokeMethod(MethodInvocationHelper.java:108)
	at org.testng.internal.Invoker.invokeMethod(Invoker.java:661)
	at org.testng.internal.Invoker.invokeTestMethod(Invoker.java:869)
	at org.testng.internal.Invoker.invokeTestMethods(Invoker.java:1193)
	at org.testng.internal.TestMethodWorker.invokeTestMethods(TestMethodWorker.java:126)
	at org.testng.internal.TestMethodWorker.run(TestMethodWorker.java:109)
	at org.testng.TestRunner.privateRun(TestRunner.java:744)
	at org.testng.TestRunner.run(TestRunner.java:602)
	at org.testng.SuiteRunner.runTest(SuiteRunner.java:380)
	at org.testng.SuiteRunner.runSequentially(SuiteRunner.java:375)
	at org.testng.SuiteRunner.privateRun(SuiteRunner.java:340)
	at org.testng.SuiteRunner.run(SuiteRunner.java:289)
	at org.testng.SuiteRunnerWorker.runSuite(SuiteRunnerWorker.java:52)
	at org.testng.SuiteRunnerWorker.run(SuiteRunnerWorker.java:86)
	at org.testng.TestNG.runSuitesSequentially(TestNG.java:1301)
	at org.testng.TestNG.runSuitesLocally(TestNG.java:1226)
	at org.testng.TestNG.runSuites(TestNG.java:1144)
	at org.testng.TestNG.run(TestNG.java:1115)
	at org.apache.maven.surefire.testng.TestNGExecutor.run(TestNGExecutor.java:77)
	at org.apache.maven.surefire.testng.TestNGDirectoryTestSuite.executeMulti(TestNGDirectoryTestSuite.java:159)
	at org.apache.maven.surefire.testng.TestNGDirectoryTestSuite.execute(TestNGDirectoryTestSuite.java:99)
	at org.apache.maven.surefire.testng.TestNGProvider.invoke(TestNGProvider.java:106)
	at sun.reflect.NativeMethodAccessorImpl.invoke0(Native Method)
	at sun.reflect.NativeMethodAccessorImpl.invoke(NativeMethodAccessorImpl.java:62)
	at sun.reflect.DelegatingMethodAccessorImpl.invoke(DelegatingMethodAccessorImpl.java:43)
	at java.lang.reflect.Method.invoke(Method.java:498)
	at org.apache.maven.surefire.util.ReflectionUtils.invokeMethodWithArray(ReflectionUtils.java:189)
	at org.apache.maven.surefire.booter.ProviderFactory$ProviderProxy.invoke(ProviderFactory.java:165)
	at org.apache.maven.surefire.booter.ProviderFactory.invokeProvider(ProviderFactory.java:85)
	at org.apache.maven.surefire.booter.ForkedBooter.runSuitesInProcess(ForkedBooter.java:115)
	at org.apache.maven.surefire.booter.ForkedBooter.main(ForkedBooter.java:75)
]]>
            </full-stacktrace>
          </exception> <!-- org.openqa.selenium.NoSuchElementException -->
          <reporter-output>
          </reporter-output>
        </test-method> <!-- verifymissionlabel -->
        <test-method status="PASS" signature="teardown()[pri:0, instance:com.herokuapp.qa.tests.CreateMissionsPageTest@6615435c]" name="teardown" is-config="true" duration-ms="995" started-at="2019-09-10T15:33:51Z" finished-at="2019-09-10T15:33:52Z">
          <reporter-output>
          </reporter-output>
        </test-method> <!-- teardown -->
      </class> <!-- com.herokuapp.qa.tests.CreateMissionsPageTest -->
      <class name="com.herokuapp.qa.tests.SubDivisonMissionPageTest">
        <test-method status="PASS" signature="setup()[pri:0, instance:com.herokuapp.qa.tests.SubDivisonMissionPageTest@34b7bfc0]" name="setup" is-config="true" duration-ms="20982" started-at="2019-09-10T15:34:59Z" finished-at="2019-09-10T15:35:20Z">
          <reporter-output>
          </reporter-output>
        </test-method> <!-- setup -->
        <test-method status="PASS" signature="verifyaddmision_as_subdepart(java.lang.String, java.lang.String, java.lang.String, java.lang.String, java.lang.String, java.lang.String)[pri:12, instance:com.herokuapp.qa.tests.SubDivisonMissionPageTest@34b7bfc0]" name="verifyaddmision_as_subdepart" duration-ms="8790" started-at="2019-09-10T15:35:20Z" description="verify add mission button with sub departement" data-provider="Tracifysubmission" finished-at="2019-09-10T15:35:29Z">
          <params>
            <param index="0">
              <value>
                <![CDATA[Testing  New Department]]>
              </value>
            </param>
            <param index="1">
              <value>
                <![CDATA[Testing Category]]>
              </value>
            </param>
            <param index="2">
              <value>
                <![CDATA[Client 1]]>
              </value>
            </param>
            <param index="3">
              <value>
                <![CDATA[chhotuManual]]>
              </value>
            </param>
            <param index="4">
              <value>
                <![CDATA[chhotuManual]]>
              </value>
            </param>
            <param index="5">
              <value>
                <![CDATA[Test Deadline1]]>
              </value>
            </param>
          </params>
          <reporter-output>
          </reporter-output>
        </test-method> <!-- verifyaddmision_as_subdepart -->
        <test-method status="PASS" signature="teardown()[pri:0, instance:com.herokuapp.qa.tests.SubDivisonMissionPageTest@34b7bfc0]" name="teardown" is-config="true" duration-ms="971" started-at="2019-09-10T15:35:29Z" finished-at="2019-09-10T15:35:30Z">
          <reporter-output>
          </reporter-output>
        </test-method> <!-- teardown -->
        <test-method status="PASS" signature="setup()[pri:0, instance:com.herokuapp.qa.tests.SubDivisonMissionPageTest@34b7bfc0]" name="setup" is-config="true" duration-ms="20652" started-at="2019-09-10T15:35:30Z" finished-at="2019-09-10T15:35:51Z">
          <reporter-output>
          </reporter-output>
        </test-method> <!-- setup -->
        <test-method status="PASS" signature="verifyaddmision_as_subdepart(java.lang.String, java.lang.String, java.lang.String, java.lang.String, java.lang.String, java.lang.String)[pri:12, instance:com.herokuapp.qa.tests.SubDivisonMissionPageTest@34b7bfc0]" name="verifyaddmision_as_subdepart" duration-ms="8309" started-at="2019-09-10T15:35:51Z" description="verify add mission button with sub departement" data-provider="Tracifysubmission" finished-at="2019-09-10T15:35:59Z">
          <params>
            <param index="0">
              <value>
                <![CDATA[Testing Department]]>
              </value>
            </param>
            <param index="1">
              <value>
                <![CDATA[etetet]]>
              </value>
            </param>
            <param index="2">
              <value>
                <![CDATA[tetyyt]]>
              </value>
            </param>
            <param index="3">
              <value>
                <![CDATA[ejkrk]]>
              </value>
            </param>
            <param index="4">
              <value>
                <![CDATA[rtggy]]>
              </value>
            </param>
            <param index="5">
              <value>
                <![CDATA[ewtytyewty]]>
              </value>
            </param>
          </params>
          <reporter-output>
          </reporter-output>
        </test-method> <!-- verifyaddmision_as_subdepart -->
        <test-method status="PASS" signature="teardown()[pri:0, instance:com.herokuapp.qa.tests.SubDivisonMissionPageTest@34b7bfc0]" name="teardown" is-config="true" duration-ms="942" started-at="2019-09-10T15:35:59Z" finished-at="2019-09-10T15:36:00Z">
          <reporter-output>
          </reporter-output>
        </test-method> <!-- teardown -->
      </class> <!-- com.herokuapp.qa.tests.SubDivisonMissionPageTest -->
      <class name="com.herokuapp.qa.tests.LoginPageTest">
        <test-method status="PASS" signature="setup()[pri:0, instance:com.herokuapp.qa.tests.LoginPageTest@2d3fcdbd]" name="setup" is-config="true" duration-ms="13479" started-at="2019-09-10T15:29:08Z" finished-at="2019-09-10T15:29:22Z">
          <reporter-output>
          </reporter-output>
        </test-method> <!-- setup -->
        <test-method status="PASS" signature="verifyloginpagetitle()[pri:1, instance:com.herokuapp.qa.tests.LoginPageTest@2d3fcdbd]" name="verifyloginpagetitle" duration-ms="18" started-at="2019-09-10T15:29:22Z" description="Validation of Login page tile" finished-at="2019-09-10T15:29:22Z">
          <reporter-output>
          </reporter-output>
        </test-method> <!-- verifyloginpagetitle -->
        <test-method status="PASS" signature="teardown()[pri:0, instance:com.herokuapp.qa.tests.LoginPageTest@2d3fcdbd]" name="teardown" is-config="true" duration-ms="931" started-at="2019-09-10T15:29:22Z" finished-at="2019-09-10T15:29:23Z">
          <reporter-output>
          </reporter-output>
        </test-method> <!-- teardown -->
        <test-method status="PASS" signature="setup()[pri:0, instance:com.herokuapp.qa.tests.LoginPageTest@2d3fcdbd]" name="setup" is-config="true" duration-ms="10674" started-at="2019-09-10T15:29:23Z" finished-at="2019-09-10T15:29:33Z">
          <reporter-output>
          </reporter-output>
        </test-method> <!-- setup -->
        <test-method status="PASS" signature="login()[pri:2, instance:com.herokuapp.qa.tests.LoginPageTest@2d3fcdbd]" name="login" duration-ms="8451" started-at="2019-09-10T15:29:33Z" description="Tracify user login Page" finished-at="2019-09-10T15:29:42Z">
          <reporter-output>
          </reporter-output>
        </test-method> <!-- login -->
        <test-method status="PASS" signature="teardown()[pri:0, instance:com.herokuapp.qa.tests.LoginPageTest@2d3fcdbd]" name="teardown" is-config="true" duration-ms="1090" started-at="2019-09-10T15:29:42Z" finished-at="2019-09-10T15:29:43Z">
          <reporter-output>
          </reporter-output>
        </test-method> <!-- teardown -->
      </class> <!-- com.herokuapp.qa.tests.LoginPageTest -->
      <class name="com.herokuapp.qa.tests.MissionTable_expandPageTest">
        <test-method status="PASS" signature="setup()[pri:0, instance:com.herokuapp.qa.tests.MissionTable_expandPageTest@6537cf78]" name="setup" is-config="true" duration-ms="25277" started-at="2019-09-10T15:34:28Z" finished-at="2019-09-10T15:34:54Z">
          <reporter-output>
          </reporter-output>
        </test-method> <!-- setup -->
        <test-method status="PASS" signature="expand_table()[pri:11, instance:com.herokuapp.qa.tests.MissionTable_expandPageTest@6537cf78]" name="expand_table" duration-ms="4484" started-at="2019-09-10T15:34:54Z" description="Validation the Exapand table option" finished-at="2019-09-10T15:34:58Z">
          <reporter-output>
          </reporter-output>
        </test-method> <!-- expand_table -->
        <test-method status="PASS" signature="teardown()[pri:0, instance:com.herokuapp.qa.tests.MissionTable_expandPageTest@6537cf78]" name="teardown" is-config="true" duration-ms="1027" started-at="2019-09-10T15:34:58Z" finished-at="2019-09-10T15:34:59Z">
          <reporter-output>
          </reporter-output>
        </test-method> <!-- teardown -->
      </class> <!-- com.herokuapp.qa.tests.MissionTable_expandPageTest -->
      <class name="com.herokuapp.qa.tests.LogoutPageTest">
        <test-method status="PASS" signature="setup()[pri:0, instance:com.herokuapp.qa.tests.LogoutPageTest@617c74e5]" name="setup" is-config="true" duration-ms="16212" started-at="2019-09-10T15:30:26Z" finished-at="2019-09-10T15:30:42Z">
          <reporter-output>
          </reporter-output>
        </test-method> <!-- setup -->
        <test-method status="PASS" signature="clicklogout()[pri:5, instance:com.herokuapp.qa.tests.LogoutPageTest@617c74e5]" name="clicklogout" duration-ms="4783" started-at="2019-09-10T15:30:42Z" description="Validation the user logout the app" finished-at="2019-09-10T15:30:47Z">
          <reporter-output>
          </reporter-output>
        </test-method> <!-- clicklogout -->
        <test-method status="PASS" signature="teardown()[pri:0, instance:com.herokuapp.qa.tests.LogoutPageTest@617c74e5]" name="teardown" is-config="true" duration-ms="997" started-at="2019-09-10T15:30:47Z" finished-at="2019-09-10T15:30:48Z">
          <reporter-output>
          </reporter-output>
        </test-method> <!-- teardown -->
      </class> <!-- com.herokuapp.qa.tests.LogoutPageTest -->
    </test> <!-- Command line test -->
  </suite> <!-- Command line suite -->
</testng-results>
