<?xml version="1.0" encoding="UTF-8" ?>
<testsuite tests="18" failures="1" name="TestSuite" time="217.179" errors="0" skipped="0">
  <properties>
[...]
</properties>
  <testcase classname="com.herokuapp.qa.tests.LoginPageTest" name="verifyloginpagetitle" time="0.022"/>
  <testcase classname="com.herokuapp.qa.tests.LoginPageTest" name="login" time="8.45"/>
  <testcase classname="com.herokuapp.qa.tests.HomePageTest" name="verifyHomePageTitle" time="0.007"/>
  <testcase classname="com.herokuapp.qa.tests.HomePageTest" name="VerifyUserProfileName" time="0.182"/>
  <testcase classname="com.herokuapp.qa.tests.LogoutPageTest" name="clicklogout" time="4.783"/>
  <testcase classname="com.herokuapp.qa.tests.EditProfilePageTest" name="update" time="4.287"/>
  <testcase classname="com.herokuapp.qa.tests.EditProfilePageTest" name="verify_updated_data" time="0.145"/>
  <testcase classname="com.herokuapp.qa.tests.CreateMissionsPageTest" name="verifyTableList" time="4.704"/>
  <testcase classname="com.herokuapp.qa.tests.CreateMissionsPageTest" name="verifymissionlabel" time="36.611"/>
  <testcase classname="com.herokuapp.qa.tests.CreateMissionsPageTest" name="verifymissionlabel" time="30.54">
    <failure message="no such element: Unable to locate element: {&quot;method&quot;:&quot;xpath&quot;,&quot;selector&quot;:&quot;//li[contains(text(),&apos;etetet&apos;)]&quot;}
  (Session info: chrome=76.0.3809.132)
For documentation on this error, please visit: http://seleniumhq.org/exceptions/no_such_element.html
Build info: version: &apos;3.12.0&apos;, revision: &apos;7c6e0b3&apos;, time: &apos;2018-05-08T14:04:26.12Z&apos;
System info: host: &apos;AMW-G1&apos;, ip: &apos;10.0.75.1&apos;, os.name: &apos;Windows 10&apos;, os.arch: &apos;amd64&apos;, os.version: &apos;10.0&apos;, java.version: &apos;1.8.0_131&apos;
Driver info: org.openqa.selenium.chrome.ChromeDriver
Capabilities {acceptInsecureCerts: false, browserName: chrome, browserVersion: 76.0.3809.132, chrome: {chromedriverVersion: 76.0.3809.126 (d80a294506b4..., userDataDir: C:\WINDOWS\TEMP\scoped_dir1...}, goog:chromeOptions: {debuggerAddress: localhost:62965}, javascriptEnabled: true, networkConnectionEnabled: false, pageLoadStrategy: normal, platform: XP, platformName: XP, proxy: Proxy(), setWindowRect: true, strictFileInteractability: false, timeouts: {implicit: 0, pageLoad: 300000, script: 30000}, unhandledPromptBehavior: dismiss and notify}
Session ID: 2a34745614e02b15b642d18d2eca45ba
*** Element info: {Using=xpath, value=//li[contains(text(),&apos;etetet&apos;)]}" type="org.openqa.selenium.NoSuchElementException">org.openqa.selenium.NoSuchElementException: no such element: Unable to locate element: {&quot;method&quot;:&quot;xpath&quot;,&quot;selector&quot;:&quot;//li[contains(text(),&apos;etetet&apos;)]&quot;}
  (Session info: chrome=76.0.3809.132)
For documentation on this error, please visit: http://seleniumhq.org/exceptions/no_such_element.html
Build info: version: &apos;3.12.0&apos;, revision: &apos;7c6e0b3&apos;, time: &apos;2018-05-08T14:04:26.12Z&apos;
System info: host: &apos;AMW-G1&apos;, ip: &apos;10.0.75.1&apos;, os.name: &apos;Windows 10&apos;, os.arch: &apos;amd64&apos;, os.version: &apos;10.0&apos;, java.version: &apos;1.8.0_131&apos;
Driver info: org.openqa.selenium.chrome.ChromeDriver
Capabilities {acceptInsecureCerts: false, browserName: chrome, browserVersion: 76.0.3809.132, chrome: {chromedriverVersion: 76.0.3809.126 (d80a294506b4..., userDataDir: C:\WINDOWS\TEMP\scoped_dir1...}, goog:chromeOptions: {debuggerAddress: localhost:62965}, javascriptEnabled: true, networkConnectionEnabled: false, pageLoadStrategy: normal, platform: XP, platformName: XP, proxy: Proxy(), setWindowRect: true, strictFileInteractability: false, timeouts: {implicit: 0, pageLoad: 300000, script: 30000}, unhandledPromptBehavior: dismiss and notify}
Session ID: 2a34745614e02b15b642d18d2eca45ba
*** Element info: {Using=xpath, value=//li[contains(text(),&apos;etetet&apos;)]}
	at sun.reflect.NativeConstructorAccessorImpl.newInstance0(Native Method)
	at sun.reflect.NativeConstructorAccessorImpl.newInstance(NativeConstructorAccessorImpl.java:62)
	at sun.reflect.DelegatingConstructorAccessorImpl.newInstance(DelegatingConstructorAccessorImpl.java:45)
	at java.lang.reflect.Constructor.newInstance(Constructor.java:423)
	at org.openqa.selenium.remote.http.W3CHttpResponseCodec.createException(W3CHttpResponseCodec.java:187)
	at org.openqa.selenium.remote.http.W3CHttpResponseCodec.decode(W3CHttpResponseCodec.java:122)
	at org.openqa.selenium.remote.http.W3CHttpResponseCodec.decode(W3CHttpResponseCodec.java:49)
	at org.openqa.selenium.remote.HttpCommandExecutor.execute(HttpCommandExecutor.java:158)
	at org.openqa.selenium.remote.service.DriverCommandExecutor.execute(DriverCommandExecutor.java:83)
	at org.openqa.selenium.remote.RemoteWebDriver.execute(RemoteWebDriver.java:543)
	at org.openqa.selenium.remote.RemoteWebDriver.findElement(RemoteWebDriver.java:317)
	at org.openqa.selenium.remote.RemoteWebDriver.findElementByXPath(RemoteWebDriver.java:419)
	at org.openqa.selenium.By$ByXPath.findElement(By.java:353)
	at org.openqa.selenium.remote.RemoteWebDriver.findElement(RemoteWebDriver.java:309)
	at com.herokuapp.qa.pages.CreateMissionsPage.Select_Catégorie(CreateMissionsPage.java:114)
	at com.herokuapp.qa.tests.CreateMissionsPageTest.verifymissionlabel(CreateMissionsPageTest.java:66)
</failure>
    <system-err>Starting ChromeDriver 76.0.3809.126 (d80a294506b4c9d18015e755cee48f953ddc3f2f-refs/branch-heads/3809@{#1024}) on port 38813
Only local connections are allowed.
Please protect ports used by ChromeDriver and related test frameworks to prevent access by malicious code.
Sep 10, 2019 3:33:03 PM org.openqa.selenium.remote.ProtocolHandshake createSession
INFO: Detected dialect: W3C
</system-err>
  </testcase>
  <testcase classname="com.herokuapp.qa.tests.BreadcrumbsPageTest" name="ClickBreadcumlink" time="5.044"/>
  <testcase classname="com.herokuapp.qa.tests.MissionTable_expandPageTest" name="expand_table" time="4.483"/>
  <testcase classname="com.herokuapp.qa.tests.SubDivisonMissionPageTest" name="verifyaddmision_as_subdepart" time="8.789"/>
  <testcase classname="com.herokuapp.qa.tests.SubDivisonMissionPageTest" name="verifyaddmision_as_subdepart" time="8.31"/>
  <testcase classname="com.herokuapp.qa.tests.NonAdminUserPageTest" name="verifyHomePageTitle" time="27.218"/>
  <testcase classname="com.herokuapp.qa.tests.NonAdminUserPageTest" name="verifyHomePageTitle" time="27.862"/>
  <testcase classname="com.herokuapp.qa.tests.NonAdminUserPageTest" name="verifyHomePageTitle" time="27.814"/>
  <testcase classname="com.herokuapp.qa.tests.NonAdminUserPageTest" name="verifyHomePageTitle" time="17.928"/>
</testsuite>